Detecting CXX compiler ABI info failed to compile with the following output:
Change Dir: /home/lubuntu/share/build-http_server-Desktop-Default/CMakeFiles/CMakeTmp

Run Build Command:"/usr/bin/make" "cmTC_0e3a7/fast"
make: Atención: El archivo 'Makefile' tiene una hora de modificación 1,7 s en el futuro
/usr/bin/make -f CMakeFiles/cmTC_0e3a7.dir/build.make CMakeFiles/cmTC_0e3a7.dir/build
make[1]: se entra en el directorio '/home/lubuntu/share/build-http_server-Desktop-Default/CMakeFiles/CMakeTmp'
make[1]: Atención: El archivo 'CMakeFiles/cmTC_0e3a7.dir/flags.make' tiene una hora de modificación 1,7 s en el futuro
Building CXX object CMakeFiles/cmTC_0e3a7.dir/CMakeCXXCompilerABI.cpp.o
/usr/bin/g++     -o CMakeFiles/cmTC_0e3a7.dir/CMakeCXXCompilerABI.cpp.o -c /usr/share/cmake-3.13/Modules/CMakeCXXCompilerABI.cpp
Linking CXX executable cmTC_0e3a7
/usr/bin/cmake -E cmake_link_script CMakeFiles/cmTC_0e3a7.dir/link.txt --verbose=1
/usr/bin/g++      -v CMakeFiles/cmTC_0e3a7.dir/CMakeCXXCompilerABI.cpp.o  -o cmTC_0e3a7 
Using built-in specs.
COLLECT_GCC=/usr/bin/g++
COLLECT_LTO_WRAPPER=/usr/lib/gcc/x86_64-linux-gnu/8/lto-wrapper
OFFLOAD_TARGET_NAMES=nvptx-none
OFFLOAD_TARGET_DEFAULT=1
Target: x86_64-linux-gnu
Configured with: ../src/configure -v --with-pkgversion='Ubuntu 8.3.0-6ubuntu1' --with-bugurl=file:///usr/share/doc/gcc-8/README.Bugs --enable-languages=c,ada,c++,go,brig,d,fortran,objc,obj-c++ --prefix=/usr --with-gcc-major-version-only --program-suffix=-8 --program-prefix=x86_64-linux-gnu- --enable-shared --enable-linker-build-id --libexecdir=/usr/lib --without-included-gettext --enable-threads=posix --libdir=/usr/lib --enable-nls --enable-bootstrap --enable-clocale=gnu --enable-libstdcxx-debug --enable-libstdcxx-time=yes --with-default-libstdcxx-abi=new --enable-gnu-unique-object --disable-vtable-verify --enable-libmpx --enable-plugin --enable-default-pie --with-system-zlib --with-target-system-zlib --enable-objc-gc=auto --enable-multiarch --disable-werror --with-arch-32=i686 --with-abi=m64 --with-multilib-list=m32,m64,mx32 --enable-multilib --with-tune=generic --enable-offload-targets=nvptx-none --without-cuda-driver --enable-checking=release --build=x86_64-linux-gnu --host=x86_64-linux-gnu --target=x86_64-linux-gnu
Thread model: posix
gcc version 8.3.0 (Ubuntu 8.3.0-6ubuntu1) 
COMPILER_PATH=/usr/lib/gcc/x86_64-linux-gnu/8/:/usr/lib/gcc/x86_64-linux-gnu/8/:/usr/lib/gcc/x86_64-linux-gnu/:/usr/lib/gcc/x86_64-linux-gnu/8/:/usr/lib/gcc/x86_64-linux-gnu/
LIBRARY_PATH=/usr/lib/gcc/x86_64-linux-gnu/8/:/usr/lib/gcc/x86_64-linux-gnu/8/../../../x86_64-linux-gnu/:/usr/lib/gcc/x86_64-linux-gnu/8/../../../../lib/:/lib/x86_64-linux-gnu/:/lib/../lib/:/usr/lib/x86_64-linux-gnu/:/usr/lib/../lib/:/usr/lib/gcc/x86_64-linux-gnu/8/../../../:/lib/:/usr/lib/
COLLECT_GCC_OPTIONS='-v' '-o' 'cmTC_0e3a7' '-shared-libgcc' '-mtune=generic' '-march=x86-64'
 /usr/lib/gcc/x86_64-linux-gnu/8/collect2 -plugin /usr/lib/gcc/x86_64-linux-gnu/8/liblto_plugin.so -plugin-opt=/usr/lib/gcc/x86_64-linux-gnu/8/lto-wrapper -plugin-opt=-fresolution=/tmp/ccYT7bDI.res -plugin-opt=-pass-through=-lgcc_s -plugin-opt=-pass-through=-lgcc -plugin-opt=-pass-through=-lc -plugin-opt=-pass-through=-lgcc_s -plugin-opt=-pass-through=-lgcc --build-id --eh-frame-hdr -m elf_x86_64 --hash-style=gnu --as-needed -dynamic-linker /lib64/ld-linux-x86-64.so.2 -pie -z now -z relro -o cmTC_0e3a7 /usr/lib/gcc/x86_64-linux-gnu/8/../../../x86_64-linux-gnu/Scrt1.o /usr/lib/gcc/x86_64-linux-gnu/8/../../../x86_64-linux-gnu/crti.o /usr/lib/gcc/x86_64-linux-gnu/8/crtbeginS.o -L/usr/lib/gcc/x86_64-linux-gnu/8 -L/usr/lib/gcc/x86_64-linux-gnu/8/../../../x86_64-linux-gnu -L/usr/lib/gcc/x86_64-linux-gnu/8/../../../../lib -L/lib/x86_64-linux-gnu -L/lib/../lib -L/usr/lib/x86_64-linux-gnu -L/usr/lib/../lib -L/usr/lib/gcc/x86_64-linux-gnu/8/../../.. CMakeFiles/cmTC_0e3a7.dir/CMakeCXXCompilerABI.cpp.o -lstdc++ -lm -lgcc_s -lgcc -lc -lgcc_s -lgcc /usr/lib/gcc/x86_64-linux-gnu/8/crtendS.o /usr/lib/gcc/x86_64-linux-gnu/8/../../../x86_64-linux-gnu/crtn.o
COLLECT_GCC_OPTIONS='-v' '-o' 'cmTC_0e3a7' '-shared-libgcc' '-mtune=generic' '-march=x86-64'
make[1]: atención: Se ha detectado una desviación en el reloj. La construcción podría estar incompleta.
make[1]: se sale del directorio '/home/lubuntu/share/build-http_server-Desktop-Default/CMakeFiles/CMakeTmp'
make: atención: Se ha detectado una desviación en el reloj. La construcción podría estar incompleta.

Cannot copy output executable
  '/home/lubuntu/share/build-http_server-Desktop-Default/CMakeFiles/CMakeTmp/cmTC_0e3a7'
to destination specified by COPY_FILE:
  '/home/lubuntu/share/build-http_server-Desktop-Default/CMakeFiles/3.13.4/CMakeDetermineCompilerABI_CXX.bin'


Detecting CXX [-std=c++2a] compiler features failed to compile with the following output:
Change Dir: /home/lubuntu/share/build-http_server-Desktop-Default/CMakeFiles/CMakeTmp

Run Build Command:"/usr/bin/make" "cmTC_023d2/fast"
make: Atención: El archivo 'Makefile' tiene una hora de modificación 1,6 s en el futuro
/usr/bin/make -f CMakeFiles/cmTC_023d2.dir/build.make CMakeFiles/cmTC_023d2.dir/build
make[1]: se entra en el directorio '/home/lubuntu/share/build-http_server-Desktop-Default/CMakeFiles/CMakeTmp'
make[1]: Atención: El archivo 'CMakeFiles/cmTC_023d2.dir/flags.make' tiene una hora de modificación 1,6 s en el futuro
Building CXX object CMakeFiles/cmTC_023d2.dir/feature_tests.cxx.o
/usr/bin/g++    -std=c++2a -o CMakeFiles/cmTC_023d2.dir/feature_tests.cxx.o -c /home/lubuntu/share/build-http_server-Desktop-Default/CMakeFiles/feature_tests.cxx
Linking CXX executable cmTC_023d2
/usr/bin/cmake -E cmake_link_script CMakeFiles/cmTC_023d2.dir/link.txt --verbose=1
/usr/bin/g++       CMakeFiles/cmTC_023d2.dir/feature_tests.cxx.o  -o cmTC_023d2 
make[1]: atención: Se ha detectado una desviación en el reloj. La construcción podría estar incompleta.
make[1]: se sale del directorio '/home/lubuntu/share/build-http_server-Desktop-Default/CMakeFiles/CMakeTmp'
make: atención: Se ha detectado una desviación en el reloj. La construcción podría estar incompleta.

Cannot copy output executable
  '/home/lubuntu/share/build-http_server-Desktop-Default/CMakeFiles/CMakeTmp/cmTC_023d2'
to destination specified by COPY_FILE:
  '/home/lubuntu/share/build-http_server-Desktop-Default/CMakeFiles/feature_tests.bin'


