The system is: Linux - 5.0.0-32-generic - x86_64
Compiling the CXX compiler identification source file "CMakeCXXCompilerId.cpp" succeeded.
Compiler: /usr/bin/g++ 
Build flags: 
Id flags:  

The output was:
0


Compilation of the CXX compiler identification source "CMakeCXXCompilerId.cpp" produced "a.out"

The CXX compiler identification is GNU, found in "/home/lubuntu/share/build-http_server-Desktop-Default/CMakeFiles/3.13.4/CompilerIdCXX/a.out"

Determining if the CXX compiler works passed with the following output:
Change Dir: /home/lubuntu/share/build-http_server-Desktop-Default/CMakeFiles/CMakeTmp

Run Build Command:"/usr/bin/make" "cmTC_8b53c/fast"
make: Atención: El archivo 'Makefile' tiene una hora de modificación 1,7 s en el futuro
/usr/bin/make -f CMakeFiles/cmTC_8b53c.dir/build.make CMakeFiles/cmTC_8b53c.dir/build
make[1]: se entra en el directorio '/home/lubuntu/share/build-http_server-Desktop-Default/CMakeFiles/CMakeTmp'
make[1]: Atención: El archivo 'CMakeFiles/cmTC_8b53c.dir/flags.make' tiene una hora de modificación 1,6 s en el futuro
Building CXX object CMakeFiles/cmTC_8b53c.dir/testCXXCompiler.cxx.o
/usr/bin/g++     -o CMakeFiles/cmTC_8b53c.dir/testCXXCompiler.cxx.o -c /home/lubuntu/share/build-http_server-Desktop-Default/CMakeFiles/CMakeTmp/testCXXCompiler.cxx
Linking CXX executable cmTC_8b53c
/usr/bin/cmake -E cmake_link_script CMakeFiles/cmTC_8b53c.dir/link.txt --verbose=1
/usr/bin/g++       CMakeFiles/cmTC_8b53c.dir/testCXXCompiler.cxx.o  -o cmTC_8b53c 
make[1]: atención: Se ha detectado una desviación en el reloj. La construcción podría estar incompleta.
make[1]: se sale del directorio '/home/lubuntu/share/build-http_server-Desktop-Default/CMakeFiles/CMakeTmp'
make: atención: Se ha detectado una desviación en el reloj. La construcción podría estar incompleta.


